I, [2013-12-03T16:50:20.848036 #19063]  INFO -- default-debian-7: -----> Creating <default-debian-7>...
I, [2013-12-03T16:50:20.879538 #19063]  INFO -- default-debian-7: Step 1 : FROM inokappa/wheezy-7.2-basic
I, [2013-12-03T16:50:20.881410 #19063]  INFO -- default-debian-7:  ---> 7df359e27365
I, [2013-12-03T16:50:20.881706 #19063]  INFO -- default-debian-7: Step 2 : ENV DEBIAN_FRONTEND noninteractive
I, [2013-12-03T16:50:20.931642 #19063]  INFO -- default-debian-7:  ---> Running in 0b9f102020bc
I, [2013-12-03T16:50:20.939139 #19063]  INFO -- default-debian-7:  ---> 261ec7157040
I, [2013-12-03T16:50:20.939451 #19063]  INFO -- default-debian-7: Step 3 : RUN dpkg-divert --local --rename --add /sbin/initctl
I, [2013-12-03T16:50:21.200172 #19063]  INFO -- default-debian-7:  ---> Running in 183658b4a609
I, [2013-12-03T16:50:21.300023 #19063]  INFO -- default-debian-7: Adding 'local diversion of /sbin/initctl to /sbin/initctl.distrib'
I, [2013-12-03T16:50:21.362336 #19063]  INFO -- default-debian-7:  ---> c2434207b8ed
I, [2013-12-03T16:50:21.362768 #19063]  INFO -- default-debian-7: Step 4 : RUN ln -sf /bin/true /sbin/initctl
I, [2013-12-03T16:50:21.395671 #19063]  INFO -- default-debian-7:  ---> Running in f8c1271c9741
I, [2013-12-03T16:50:21.801096 #19063]  INFO -- default-debian-7:  ---> 18feecbbc619
I, [2013-12-03T16:50:21.801198 #19063]  INFO -- default-debian-7: Step 5 : RUN apt-get update
I, [2013-12-03T16:50:21.851148 #19063]  INFO -- default-debian-7:  ---> Running in 7b38da516393
I, [2013-12-03T16:50:27.794759 #19063]  INFO -- default-debian-7: Hit http://ftp.us.debian.org wheezy Release.gpg
I, [2013-12-03T16:50:28.017562 #19063]  INFO -- default-debian-7: Hit http://ftp.us.debian.org wheezy Release
I, [2013-12-03T16:50:28.249736 #19063]  INFO -- default-debian-7: Hit http://ftp.us.debian.org wheezy/main amd64 Packages
I, [2013-12-03T16:50:28.461784 #19063]  INFO -- default-debian-7: Hit http://ftp.us.debian.org wheezy/main Translation-en
Reading package lists...I, [2013-12-03T16:50:29.524874 #19063]  INFO -- default-debian-7:  ---> 70970c335810
I, [2013-12-03T16:50:29.524951 #19063]  INFO -- default-debian-7: Step 6 : RUN apt-get install -y sudo openssh-server curl lsb-release
I, [2013-12-03T16:50:29.572108 #19063]  INFO -- default-debian-7:  ---> Running in bb3066013c34
Reading package lists...Building dependency tree...I, [2013-12-03T16:50:30.058324 #19063]  INFO -- default-debian-7: 
I, [2013-12-03T16:50:30.058421 #19063]  INFO -- default-debian-7: Reading state information...
I, [2013-12-03T16:50:30.155995 #19063]  INFO -- default-debian-7: curl is already the newest version.
I, [2013-12-03T16:50:30.156122 #19063]  INFO -- default-debian-7: The following extra packages will be installed:
I, [2013-12-03T16:50:30.156187 #19063]  INFO -- default-debian-7:   file libbsd0 libedit2 libexpat1 libmagic1 libwrap0 libx11-6 libx11-data
I, [2013-12-03T16:50:30.156232 #19063]  INFO -- default-debian-7:   libxau6 libxcb1 libxdmcp6 libxext6 libxmuu1 mime-support ncurses-term
I, [2013-12-03T16:50:30.156285 #19063]  INFO -- default-debian-7:   openssh-blacklist openssh-blacklist-extra openssh-client python
I, [2013-12-03T16:50:30.156339 #19063]  INFO -- default-debian-7:   python-minimal python2.7 python2.7-minimal tcpd xauth
I, [2013-12-03T16:50:30.157201 #19063]  INFO -- default-debian-7: Suggested packages:
I, [2013-12-03T16:50:30.157257 #19063]  INFO -- default-debian-7:   lsb ssh-askpass libpam-ssh keychain monkeysphere rssh molly-guard ufw
I, [2013-12-03T16:50:30.157294 #19063]  INFO -- default-debian-7:   python-doc python-tk python2.7-doc binfmt-support
I, [2013-12-03T16:50:30.158639 #19063]  INFO -- default-debian-7: The following NEW packages will be installed:
I, [2013-12-03T16:50:30.158711 #19063]  INFO -- default-debian-7:   file libbsd0 libedit2 libexpat1 libmagic1 libwrap0 libx11-6 libx11-data
I, [2013-12-03T16:50:30.158751 #19063]  INFO -- default-debian-7:   libxau6 libxcb1 libxdmcp6 libxext6 libxmuu1 lsb-release mime-support
I, [2013-12-03T16:50:30.158789 #19063]  INFO -- default-debian-7:   ncurses-term openssh-blacklist openssh-blacklist-extra openssh-client
I, [2013-12-03T16:50:30.158838 #19063]  INFO -- default-debian-7:   openssh-server python python-minimal python2.7 python2.7-minimal sudo tcpd
I, [2013-12-03T16:50:30.158875 #19063]  INFO -- default-debian-7:   xauth
I, [2013-12-03T16:50:35.667861 #19063]  INFO -- default-debian-7: 0 upgraded, 27 newly installed, 0 to remove and 0 not upgraded.
I, [2013-12-03T16:50:35.668066 #19063]  INFO -- default-debian-7: Need to get 13.2 MB of archives.
I, [2013-12-03T16:50:35.668164 #19063]  INFO -- default-debian-7: After this operation, 38.4 MB of additional disk space will be used.
I, [2013-12-03T16:50:35.668256 #19063]  INFO -- default-debian-7: Get:1 http://ftp.us.debian.org/debian/ wheezy/main libbsd0 amd64 0.4.2-1 [59.3 kB]
I, [2013-12-03T16:50:36.623346 #19063]  INFO -- default-debian-7: Get:2 http://ftp.us.debian.org/debian/ wheezy/main libedit2 amd64 2.11-20080614-5 [72.9 kB]
I, [2013-12-03T16:50:37.039535 #19063]  INFO -- default-debian-7: Get:3 http://ftp.us.debian.org/debian/ wheezy/main libmagic1 amd64 5.11-2 [202 kB]
I, [2013-12-03T16:50:37.632574 #19063]  INFO -- default-debian-7: Get:4 http://ftp.us.debian.org/debian/ wheezy/main libwrap0 amd64 7.6.q-24 [62.4 kB]
I, [2013-12-03T16:50:37.828972 #19063]  INFO -- default-debian-7: Get:5 http://ftp.us.debian.org/debian/ wheezy/main libexpat1 amd64 2.1.0-1 [141 kB]
I, [2013-12-03T16:50:38.232145 #19063]  INFO -- default-debian-7: Get:6 http://ftp.us.debian.org/debian/ wheezy/main libxau6 amd64 1:1.0.7-1 [18.8 kB]
I, [2013-12-03T16:50:38.439448 #19063]  INFO -- default-debian-7: Get:7 http://ftp.us.debian.org/debian/ wheezy/main libxdmcp6 amd64 1:1.1.1-1 [26.3 kB]
I, [2013-12-03T16:50:38.630915 #19063]  INFO -- default-debian-7: Get:8 http://ftp.us.debian.org/debian/ wheezy/main libxcb1 amd64 1.8.1-2+deb7u1 [50.2 kB]
I, [2013-12-03T16:50:39.210856 #19063]  INFO -- default-debian-7: Get:9 http://ftp.us.debian.org/debian/ wheezy/main libx11-data all 2:1.5.0-1+deb7u1 [189 kB]
I, [2013-12-03T16:50:39.975310 #19063]  INFO -- default-debian-7: Get:10 http://ftp.us.debian.org/debian/ wheezy/main libx11-6 amd64 2:1.5.0-1+deb7u1 [900 kB]
I, [2013-12-03T16:50:41.700314 #19063]  INFO -- default-debian-7: Get:11 http://ftp.us.debian.org/debian/ wheezy/main libxext6 amd64 2:1.3.1-2+deb7u1 [54.8 kB]
I, [2013-12-03T16:50:42.094428 #19063]  INFO -- default-debian-7: Get:12 http://ftp.us.debian.org/debian/ wheezy/main libxmuu1 amd64 2:1.1.1-1 [23.6 kB]
I, [2013-12-03T16:50:42.455593 #19063]  INFO -- default-debian-7: Get:13 http://ftp.us.debian.org/debian/ wheezy/main openssh-blacklist all 0.4.1+nmu1 [1835 kB]
I, [2013-12-03T16:50:44.800660 #19063]  INFO -- default-debian-7: Get:14 http://ftp.us.debian.org/debian/ wheezy/main openssh-blacklist-extra all 0.4.1+nmu1 [1835 kB]
I, [2013-12-03T16:50:46.914131 #19063]  INFO -- default-debian-7: Get:15 http://ftp.us.debian.org/debian/ wheezy/main file amd64 5.11-2 [51.8 kB]
I, [2013-12-03T16:50:47.110736 #19063]  INFO -- default-debian-7: Get:16 http://ftp.us.debian.org/debian/ wheezy/main mime-support all 3.52-1 [35.5 kB]
I, [2013-12-03T16:50:47.304400 #19063]  INFO -- default-debian-7: Get:17 http://ftp.us.debian.org/debian/ wheezy/main ncurses-term all 5.9-10 [602 kB]
I, [2013-12-03T16:50:48.453520 #19063]  INFO -- default-debian-7: Get:18 http://ftp.us.debian.org/debian/ wheezy/main openssh-client amd64 1:6.0p1-4 [1025 kB]
I, [2013-12-03T16:50:50.158182 #19063]  INFO -- default-debian-7: Get:19 http://ftp.us.debian.org/debian/ wheezy/main python2.7-minimal amd64 2.7.3-6 [1783 kB]
I, [2013-12-03T16:50:53.204245 #19063]  INFO -- default-debian-7: Get:20 http://ftp.us.debian.org/debian/ wheezy/main python2.7 amd64 2.7.3-6 [2729 kB]
I, [2013-12-03T16:50:57.616898 #19063]  INFO -- default-debian-7: Get:21 http://ftp.us.debian.org/debian/ wheezy/main python-minimal all 2.7.3-4+deb7u1 [42.8 kB]
I, [2013-12-03T16:50:57.824698 #19063]  INFO -- default-debian-7: Get:22 http://ftp.us.debian.org/debian/ wheezy/main python all 2.7.3-4+deb7u1 [181 kB]
I, [2013-12-03T16:50:58.585082 #19063]  INFO -- default-debian-7: Get:23 http://ftp.us.debian.org/debian/ wheezy/main lsb-release all 4.1+Debian8+deb7u1 [27.2 kB]
I, [2013-12-03T16:50:59.580791 #19063]  INFO -- default-debian-7: Get:24 http://ftp.us.debian.org/debian/ wheezy/main openssh-server amd64 1:6.0p1-4 [339 kB]
I, [2013-12-03T16:51:01.404411 #19063]  INFO -- default-debian-7: Get:25 http://ftp.us.debian.org/debian/ wheezy/main sudo amd64 1.8.5p2-1+nmu1 [842 kB]
I, [2013-12-03T16:51:04.804149 #19063]  INFO -- default-debian-7: Get:26 http://ftp.us.debian.org/debian/ wheezy/main tcpd amd64 7.6.q-24 [28.2 kB]
I, [2013-12-03T16:51:04.997396 #19063]  INFO -- default-debian-7: Get:27 http://ftp.us.debian.org/debian/ wheezy/main xauth amd64 1:1.0.7-1 [37.2 kB]
I, [2013-12-03T16:51:05.414198 #19063]  INFO -- default-debian-7: Preconfiguring packages ...
I, [2013-12-03T16:51:05.487115 #19063]  INFO -- default-debian-7: Fetched 13.2 MB in 35s (377 kB/s)
I, [2013-12-03T16:51:05.538084 #19063]  INFO -- default-debian-7: Selecting previously unselected package libbsd0:amd64.
(Reading database ... I, [2013-12-03T16:51:05.559003 #19063]  INFO -- default-debian-7: 17538 files and directories currently installed.)
I, [2013-12-03T16:51:05.559850 #19063]  INFO -- default-debian-7: Unpacking libbsd0:amd64 (from .../libbsd0_0.4.2-1_amd64.deb) ...
I, [2013-12-03T16:51:05.688800 #19063]  INFO -- default-debian-7: Selecting previously unselected package libedit2:amd64.
I, [2013-12-03T16:51:05.692802 #19063]  INFO -- default-debian-7: Unpacking libedit2:amd64 (from .../libedit2_2.11-20080614-5_amd64.deb) ...
I, [2013-12-03T16:51:05.846417 #19063]  INFO -- default-debian-7: Selecting previously unselected package libmagic1:amd64.
I, [2013-12-03T16:51:05.849954 #19063]  INFO -- default-debian-7: Unpacking libmagic1:amd64 (from .../libmagic1_5.11-2_amd64.deb) ...
I, [2013-12-03T16:51:06.057579 #19063]  INFO -- default-debian-7: Selecting previously unselected package libwrap0:amd64.
I, [2013-12-03T16:51:06.059673 #19063]  INFO -- default-debian-7: Unpacking libwrap0:amd64 (from .../libwrap0_7.6.q-24_amd64.deb) ...
I, [2013-12-03T16:51:06.219825 #19063]  INFO -- default-debian-7: Selecting previously unselected package libexpat1:amd64.
I, [2013-12-03T16:51:06.223897 #19063]  INFO -- default-debian-7: Unpacking libexpat1:amd64 (from .../libexpat1_2.1.0-1_amd64.deb) ...
I, [2013-12-03T16:51:06.362118 #19063]  INFO -- default-debian-7: Selecting previously unselected package libxau6:amd64.
I, [2013-12-03T16:51:06.366231 #19063]  INFO -- default-debian-7: Unpacking libxau6:amd64 (from .../libxau6_1%3a1.0.7-1_amd64.deb) ...
I, [2013-12-03T16:51:06.508065 #19063]  INFO -- default-debian-7: Selecting previously unselected package libxdmcp6:amd64.
I, [2013-12-03T16:51:06.511920 #19063]  INFO -- default-debian-7: Unpacking libxdmcp6:amd64 (from .../libxdmcp6_1%3a1.1.1-1_amd64.deb) ...
I, [2013-12-03T16:51:06.641132 #19063]  INFO -- default-debian-7: Selecting previously unselected package libxcb1:amd64.
I, [2013-12-03T16:51:06.645173 #19063]  INFO -- default-debian-7: Unpacking libxcb1:amd64 (from .../libxcb1_1.8.1-2+deb7u1_amd64.deb) ...
I, [2013-12-03T16:51:06.752626 #19063]  INFO -- default-debian-7: Selecting previously unselected package libx11-data.
I, [2013-12-03T16:51:06.756542 #19063]  INFO -- default-debian-7: Unpacking libx11-data (from .../libx11-data_2%3a1.5.0-1+deb7u1_all.deb) ...
I, [2013-12-03T16:51:07.872056 #19063]  INFO -- default-debian-7: Selecting previously unselected package libx11-6:amd64.
I, [2013-12-03T16:51:07.876119 #19063]  INFO -- default-debian-7: Unpacking libx11-6:amd64 (from .../libx11-6_2%3a1.5.0-1+deb7u1_amd64.deb) ...
I, [2013-12-03T16:51:08.089054 #19063]  INFO -- default-debian-7: Selecting previously unselected package libxext6:amd64.
I, [2013-12-03T16:51:08.092922 #19063]  INFO -- default-debian-7: Unpacking libxext6:amd64 (from .../libxext6_2%3a1.3.1-2+deb7u1_amd64.deb) ...
I, [2013-12-03T16:51:08.234698 #19063]  INFO -- default-debian-7: Selecting previously unselected package libxmuu1:amd64.
I, [2013-12-03T16:51:08.238636 #19063]  INFO -- default-debian-7: Unpacking libxmuu1:amd64 (from .../libxmuu1_2%3a1.1.1-1_amd64.deb) ...
I, [2013-12-03T16:51:08.371525 #19063]  INFO -- default-debian-7: Selecting previously unselected package openssh-blacklist.
I, [2013-12-03T16:51:08.375457 #19063]  INFO -- default-debian-7: Unpacking openssh-blacklist (from .../openssh-blacklist_0.4.1+nmu1_all.deb) ...
I, [2013-12-03T16:51:08.739921 #19063]  INFO -- default-debian-7: Selecting previously unselected package openssh-blacklist-extra.
I, [2013-12-03T16:51:08.744381 #19063]  INFO -- default-debian-7: Unpacking openssh-blacklist-extra (from .../openssh-blacklist-extra_0.4.1+nmu1_all.deb) ...
I, [2013-12-03T16:51:09.103826 #19063]  INFO -- default-debian-7: Selecting previously unselected package file.
I, [2013-12-03T16:51:09.105115 #19063]  INFO -- default-debian-7: Unpacking file (from .../archives/file_5.11-2_amd64.deb) ...
I, [2013-12-03T16:51:09.267789 #19063]  INFO -- default-debian-7: Selecting previously unselected package mime-support.
I, [2013-12-03T16:51:09.269116 #19063]  INFO -- default-debian-7: Unpacking mime-support (from .../mime-support_3.52-1_all.deb) ...
I, [2013-12-03T16:51:09.463562 #19063]  INFO -- default-debian-7: Selecting previously unselected package ncurses-term.
I, [2013-12-03T16:51:09.467460 #19063]  INFO -- default-debian-7: Unpacking ncurses-term (from .../ncurses-term_5.9-10_all.deb) ...
I, [2013-12-03T16:51:19.501632 #19063]  INFO -- default-debian-7: Selecting previously unselected package openssh-client.
I, [2013-12-03T16:51:19.507421 #19063]  INFO -- default-debian-7: Unpacking openssh-client (from .../openssh-client_1%3a6.0p1-4_amd64.deb) ...
I, [2013-12-03T16:51:19.988932 #19063]  INFO -- default-debian-7: Selecting previously unselected package python2.7-minimal.
I, [2013-12-03T16:51:19.993048 #19063]  INFO -- default-debian-7: Unpacking python2.7-minimal (from .../python2.7-minimal_2.7.3-6_amd64.deb) ...
I, [2013-12-03T16:51:21.298252 #19063]  INFO -- default-debian-7: Selecting previously unselected package python2.7.
I, [2013-12-03T16:51:21.302600 #19063]  INFO -- default-debian-7: Unpacking python2.7 (from .../python2.7_2.7.3-6_amd64.deb) ...
I, [2013-12-03T16:51:24.666072 #19063]  INFO -- default-debian-7: Selecting previously unselected package python-minimal.
I, [2013-12-03T16:51:24.670043 #19063]  INFO -- default-debian-7: Unpacking python-minimal (from .../python-minimal_2.7.3-4+deb7u1_all.deb) ...
I, [2013-12-03T16:51:24.937205 #19063]  INFO -- default-debian-7: Selecting previously unselected package python.
I, [2013-12-03T16:51:24.941583 #19063]  INFO -- default-debian-7: Unpacking python (from .../python_2.7.3-4+deb7u1_all.deb) ...
I, [2013-12-03T16:51:25.315470 #19063]  INFO -- default-debian-7: Selecting previously unselected package lsb-release.
I, [2013-12-03T16:51:25.319891 #19063]  INFO -- default-debian-7: Unpacking lsb-release (from .../lsb-release_4.1+Debian8+deb7u1_all.deb) ...
I, [2013-12-03T16:51:25.533395 #19063]  INFO -- default-debian-7: Selecting previously unselected package openssh-server.
I, [2013-12-03T16:51:25.537665 #19063]  INFO -- default-debian-7: Unpacking openssh-server (from .../openssh-server_1%3a6.0p1-4_amd64.deb) ...
I, [2013-12-03T16:51:25.899505 #19063]  INFO -- default-debian-7: Selecting previously unselected package sudo.
I, [2013-12-03T16:51:25.903948 #19063]  INFO -- default-debian-7: Unpacking sudo (from .../sudo_1.8.5p2-1+nmu1_amd64.deb) ...
I, [2013-12-03T16:51:26.414439 #19063]  INFO -- default-debian-7: Selecting previously unselected package tcpd.
I, [2013-12-03T16:51:26.419266 #19063]  INFO -- default-debian-7: Unpacking tcpd (from .../tcpd_7.6.q-24_amd64.deb) ...
I, [2013-12-03T16:51:26.602938 #19063]  INFO -- default-debian-7: Selecting previously unselected package xauth.
I, [2013-12-03T16:51:26.607977 #19063]  INFO -- default-debian-7: Unpacking xauth (from .../xauth_1%3a1.0.7-1_amd64.deb) ...
I, [2013-12-03T16:51:26.708074 #19063]  INFO -- default-debian-7: Processing triggers for man-db ...
I, [2013-12-03T16:51:27.611528 #19063]  INFO -- default-debian-7: Setting up libbsd0:amd64 (0.4.2-1) ...
I, [2013-12-03T16:51:27.689327 #19063]  INFO -- default-debian-7: Setting up libedit2:amd64 (2.11-20080614-5) ...
I, [2013-12-03T16:51:27.754948 #19063]  INFO -- default-debian-7: Setting up libmagic1:amd64 (5.11-2) ...
I, [2013-12-03T16:51:27.849569 #19063]  INFO -- default-debian-7: Setting up libwrap0:amd64 (7.6.q-24) ...
I, [2013-12-03T16:51:27.919901 #19063]  INFO -- default-debian-7: Setting up libexpat1:amd64 (2.1.0-1) ...
I, [2013-12-03T16:51:27.968173 #19063]  INFO -- default-debian-7: Setting up libxau6:amd64 (1:1.0.7-1) ...
I, [2013-12-03T16:51:28.017011 #19063]  INFO -- default-debian-7: Setting up libxdmcp6:amd64 (1:1.1.1-1) ...
I, [2013-12-03T16:51:28.073053 #19063]  INFO -- default-debian-7: Setting up libxcb1:amd64 (1.8.1-2+deb7u1) ...
I, [2013-12-03T16:51:28.148454 #19063]  INFO -- default-debian-7: Setting up libx11-data (2:1.5.0-1+deb7u1) ...
I, [2013-12-03T16:51:28.188744 #19063]  INFO -- default-debian-7: Setting up libx11-6:amd64 (2:1.5.0-1+deb7u1) ...
I, [2013-12-03T16:51:28.249975 #19063]  INFO -- default-debian-7: Setting up libxext6:amd64 (2:1.3.1-2+deb7u1) ...
I, [2013-12-03T16:51:28.304316 #19063]  INFO -- default-debian-7: Setting up libxmuu1:amd64 (2:1.1.1-1) ...
I, [2013-12-03T16:51:28.349222 #19063]  INFO -- default-debian-7: Setting up openssh-blacklist (0.4.1+nmu1) ...
I, [2013-12-03T16:51:28.378205 #19063]  INFO -- default-debian-7: Setting up openssh-blacklist-extra (0.4.1+nmu1) ...
I, [2013-12-03T16:51:28.422717 #19063]  INFO -- default-debian-7: Setting up file (5.11-2) ...
I, [2013-12-03T16:51:28.462349 #19063]  INFO -- default-debian-7: Setting up mime-support (3.52-1) ...
I, [2013-12-03T16:51:28.561442 #19063]  INFO -- default-debian-7: Setting up ncurses-term (5.9-10) ...
I, [2013-12-03T16:51:28.590844 #19063]  INFO -- default-debian-7: Setting up openssh-client (1:6.0p1-4) ...
I, [2013-12-03T16:51:28.897806 #19063]  INFO -- default-debian-7: Setting up python2.7-minimal (2.7.3-6) ...
I, [2013-12-03T16:51:29.387533 #19063]  INFO -- default-debian-7: Setting up python2.7 (2.7.3-6) ...
I, [2013-12-03T16:51:30.209345 #19063]  INFO -- default-debian-7: Setting up python-minimal (2.7.3-4+deb7u1) ...
I, [2013-12-03T16:51:30.296090 #19063]  INFO -- default-debian-7: Setting up python (2.7.3-4+deb7u1) ...
I, [2013-12-03T16:51:30.356157 #19063]  INFO -- default-debian-7: Setting up lsb-release (4.1+Debian8+deb7u1) ...
I, [2013-12-03T16:51:30.470905 #19063]  INFO -- default-debian-7: Setting up openssh-server (1:6.0p1-4) ...
Creating SSH2 RSA key; this may take some time ...Creating SSH2 DSA key; this may take some time ...Creating SSH2 ECDSA key; this may take some time ...Restarting OpenBSD Secure Shell server: sshdI, [2013-12-03T16:51:31.298961 #19063]  INFO -- default-debian-7: .
I, [2013-12-03T16:51:31.369995 #19063]  INFO -- default-debian-7: Setting up sudo (1.8.5p2-1+nmu1) ...
I, [2013-12-03T16:51:31.559822 #19063]  INFO -- default-debian-7: Setting up tcpd (7.6.q-24) ...
I, [2013-12-03T16:51:31.607664 #19063]  INFO -- default-debian-7: Setting up xauth (1:1.0.7-1) ...
I, [2013-12-03T16:51:32.205871 #19063]  INFO -- default-debian-7:  ---> d5ec36f18b6e
I, [2013-12-03T16:51:32.205954 #19063]  INFO -- default-debian-7: Step 7 : RUN mkdir -p /var/run/sshd
I, [2013-12-03T16:51:32.354142 #19063]  INFO -- default-debian-7:  ---> Running in f745e5547403
I, [2013-12-03T16:51:32.509138 #19063]  INFO -- default-debian-7:  ---> 7eb5f160fe14
I, [2013-12-03T16:51:32.509321 #19063]  INFO -- default-debian-7: Step 8 : RUN useradd -d /home/kitchen -m -s /bin/bash kitchen
I, [2013-12-03T16:51:32.546379 #19063]  INFO -- default-debian-7:  ---> Running in 073f7a8ce61f
I, [2013-12-03T16:51:33.122747 #19063]  INFO -- default-debian-7:  ---> e9cbcd775cf4
I, [2013-12-03T16:51:33.122958 #19063]  INFO -- default-debian-7: Step 9 : RUN echo kitchen:kitchen | chpasswd
I, [2013-12-03T16:51:33.170673 #19063]  INFO -- default-debian-7:  ---> Running in f314b853b648
I, [2013-12-03T16:51:33.639677 #19063]  INFO -- default-debian-7:  ---> 059044ba0bfa
I, [2013-12-03T16:51:33.639877 #19063]  INFO -- default-debian-7: Step 10 : RUN echo 'kitchen ALL=(ALL) NOPASSWD:ALL' >> /etc/sudoers
I, [2013-12-03T16:51:33.679426 #19063]  INFO -- default-debian-7:  ---> Running in 9a47fc1b9240
I, [2013-12-03T16:51:34.164138 #19063]  INFO -- default-debian-7:  ---> bdef78858770
I, [2013-12-03T16:51:34.164225 #19063]  INFO -- default-debian-7: Successfully built bdef78858770
I, [2013-12-03T16:51:34.251707 #19063]  INFO -- default-debian-7: d08425c8dfffad2e462a39ab485852e014ab6003c0054beb1207015eb2f4eff5
I, [2013-12-03T16:51:34.686284 #19063]  INFO -- default-debian-7: [{
I, [2013-12-03T16:51:34.686376 #19063]  INFO -- default-debian-7:     "ID": "d08425c8dfffad2e462a39ab485852e014ab6003c0054beb1207015eb2f4eff5",
I, [2013-12-03T16:51:34.686427 #19063]  INFO -- default-debian-7:     "Created": "2013-12-03T07:51:34.247677305Z",
I, [2013-12-03T16:51:34.686477 #19063]  INFO -- default-debian-7:     "Path": "/usr/sbin/sshd",
I, [2013-12-03T16:51:34.686512 #19063]  INFO -- default-debian-7:     "Args": [
I, [2013-12-03T16:51:34.686578 #19063]  INFO -- default-debian-7:  "-D",
I, [2013-12-03T16:51:34.686615 #19063]  INFO -- default-debian-7:  "-o",
I, [2013-12-03T16:51:34.686652 #19063]  INFO -- default-debian-7:  "UseDNS=no",
I, [2013-12-03T16:51:34.686690 #19063]  INFO -- default-debian-7:  "-o",
I, [2013-12-03T16:51:34.686730 #19063]  INFO -- default-debian-7:  "UsePAM=no"
I, [2013-12-03T16:51:34.686759 #19063]  INFO -- default-debian-7:     ],
I, [2013-12-03T16:51:34.686788 #19063]  INFO -- default-debian-7:     "Config": {
I, [2013-12-03T16:51:34.686824 #19063]  INFO -- default-debian-7:  "Hostname": "d08425c8dfff",
I, [2013-12-03T16:51:34.686856 #19063]  INFO -- default-debian-7:  "Domainname": "",
I, [2013-12-03T16:51:34.686888 #19063]  INFO -- default-debian-7:  "User": "",
I, [2013-12-03T16:51:34.686920 #19063]  INFO -- default-debian-7:  "Memory": 0,
I, [2013-12-03T16:51:34.686953 #19063]  INFO -- default-debian-7:  "MemorySwap": 0,
I, [2013-12-03T16:51:34.686986 #19063]  INFO -- default-debian-7:  "CpuShares": 0,
I, [2013-12-03T16:51:34.687017 #19063]  INFO -- default-debian-7:  "AttachStdin": false,
I, [2013-12-03T16:51:34.687050 #19063]  INFO -- default-debian-7:  "AttachStdout": false,
I, [2013-12-03T16:51:34.687090 #19063]  INFO -- default-debian-7:  "AttachStderr": false,
I, [2013-12-03T16:51:34.687125 #19063]  INFO -- default-debian-7:  "PortSpecs": null,
I, [2013-12-03T16:51:34.687158 #19063]  INFO -- default-debian-7:  "ExposedPorts": {
I, [2013-12-03T16:51:34.687191 #19063]  INFO -- default-debian-7:      "22/tcp": {}
I, [2013-12-03T16:51:34.687223 #19063]  INFO -- default-debian-7:  },
I, [2013-12-03T16:51:34.687256 #19063]  INFO -- default-debian-7:  "Tty": false,
I, [2013-12-03T16:51:34.687287 #19063]  INFO -- default-debian-7:  "OpenStdin": false,
I, [2013-12-03T16:51:34.687320 #19063]  INFO -- default-debian-7:  "StdinOnce": false,
I, [2013-12-03T16:51:34.687354 #19063]  INFO -- default-debian-7:  "Env": [
I, [2013-12-03T16:51:34.687388 #19063]  INFO -- default-debian-7:      "HOME=/",
I, [2013-12-03T16:51:34.687420 #19063]  INFO -- default-debian-7:      "PATH=/usr/local/sbin:/usr/local/bin:/usr/sbin:/usr/bin:/sbin:/bin",
I, [2013-12-03T16:51:34.687451 #19063]  INFO -- default-debian-7:      "DEBIAN_FRONTEND=noninteractive"
I, [2013-12-03T16:51:34.687480 #19063]  INFO -- default-debian-7:  ],
I, [2013-12-03T16:51:34.687511 #19063]  INFO -- default-debian-7:  "Cmd": [
I, [2013-12-03T16:51:34.687544 #19063]  INFO -- default-debian-7:      "/usr/sbin/sshd",
I, [2013-12-03T16:51:34.687574 #19063]  INFO -- default-debian-7:      "-D",
I, [2013-12-03T16:51:34.687608 #19063]  INFO -- default-debian-7:      "-o",
I, [2013-12-03T16:51:34.687638 #19063]  INFO -- default-debian-7:      "UseDNS=no",
I, [2013-12-03T16:51:34.687672 #19063]  INFO -- default-debian-7:      "-o",
I, [2013-12-03T16:51:34.687701 #19063]  INFO -- default-debian-7:      "UsePAM=no"
I, [2013-12-03T16:51:34.687732 #19063]  INFO -- default-debian-7:  ],
I, [2013-12-03T16:51:34.687764 #19063]  INFO -- default-debian-7:  "Dns": null,
I, [2013-12-03T16:51:34.687795 #19063]  INFO -- default-debian-7:  "Image": "bdef78858770",
I, [2013-12-03T16:51:34.687839 #19063]  INFO -- default-debian-7:  "Volumes": null,
I, [2013-12-03T16:51:34.687872 #19063]  INFO -- default-debian-7:  "VolumesFrom": "",
I, [2013-12-03T16:51:34.687901 #19063]  INFO -- default-debian-7:  "WorkingDir": "",
I, [2013-12-03T16:51:34.687931 #19063]  INFO -- default-debian-7:  "Entrypoint": null,
I, [2013-12-03T16:51:34.687962 #19063]  INFO -- default-debian-7:  "NetworkDisabled": false
I, [2013-12-03T16:51:34.687991 #19063]  INFO -- default-debian-7:     },
I, [2013-12-03T16:51:34.688014 #19063]  INFO -- default-debian-7:     "State": {
I, [2013-12-03T16:51:34.688045 #19063]  INFO -- default-debian-7:  "Running": true,
I, [2013-12-03T16:51:34.688077 #19063]  INFO -- default-debian-7:  "Pid": 20443,
I, [2013-12-03T16:51:34.688108 #19063]  INFO -- default-debian-7:  "ExitCode": 0,
I, [2013-12-03T16:51:34.688137 #19063]  INFO -- default-debian-7:  "StartedAt": "2013-12-03T07:51:34.259565465Z",
I, [2013-12-03T16:51:34.688167 #19063]  INFO -- default-debian-7:  "FinishedAt": "0001-01-01T00:00:00Z",
I, [2013-12-03T16:51:34.688194 #19063]  INFO -- default-debian-7:  "Ghost": false
I, [2013-12-03T16:51:34.688220 #19063]  INFO -- default-debian-7:     },
I, [2013-12-03T16:51:34.688244 #19063]  INFO -- default-debian-7:     "Image": "bdef7885877074356447eeb1643c2c43e9a565940be0373796e2150f342fad29",
I, [2013-12-03T16:51:34.688266 #19063]  INFO -- default-debian-7:     "NetworkSettings": {
I, [2013-12-03T16:51:34.688296 #19063]  INFO -- default-debian-7:  "IPAddress": "172.17.0.16",
I, [2013-12-03T16:51:34.688323 #19063]  INFO -- default-debian-7:  "IPPrefixLen": 16,
I, [2013-12-03T16:51:34.688351 #19063]  INFO -- default-debian-7:  "Gateway": "172.17.42.1",
I, [2013-12-03T16:51:34.688380 #19063]  INFO -- default-debian-7:  "Bridge": "docker0",
I, [2013-12-03T16:51:34.688409 #19063]  INFO -- default-debian-7:  "PortMapping": null,
I, [2013-12-03T16:51:34.688439 #19063]  INFO -- default-debian-7:  "Ports": {
I, [2013-12-03T16:51:34.688469 #19063]  INFO -- default-debian-7:      "22/tcp": [
I, [2013-12-03T16:51:34.688496 #19063]  INFO -- default-debian-7:          {
I, [2013-12-03T16:51:34.688525 #19063]  INFO -- default-debian-7:              "HostIp": "0.0.0.0",
I, [2013-12-03T16:51:34.688554 #19063]  INFO -- default-debian-7:              "HostPort": "49162"
I, [2013-12-03T16:51:34.688584 #19063]  INFO -- default-debian-7:          }
I, [2013-12-03T16:51:34.688612 #19063]  INFO -- default-debian-7:      ]
I, [2013-12-03T16:51:34.688643 #19063]  INFO -- default-debian-7:  }
I, [2013-12-03T16:51:34.688667 #19063]  INFO -- default-debian-7:     },
I, [2013-12-03T16:51:34.688693 #19063]  INFO -- default-debian-7:     "SysInitPath": "/usr/bin/docker",
I, [2013-12-03T16:51:34.688716 #19063]  INFO -- default-debian-7:     "ResolvConfPath": "/var/lib/docker/containers/d08425c8dfffad2e462a39ab485852e014ab6003c0054beb1207015eb2f4eff5/resolv.conf",
I, [2013-12-03T16:51:34.688740 #19063]  INFO -- default-debian-7:     "HostnamePath": "/var/lib/docker/containers/d08425c8dfffad2e462a39ab485852e014ab6003c0054beb1207015eb2f4eff5/hostname",
I, [2013-12-03T16:51:34.688764 #19063]  INFO -- default-debian-7:     "HostsPath": "/var/lib/docker/containers/d08425c8dfffad2e462a39ab485852e014ab6003c0054beb1207015eb2f4eff5/hosts",
I, [2013-12-03T16:51:34.688788 #19063]  INFO -- default-debian-7:     "Name": "/thirsty_mclean",
I, [2013-12-03T16:51:34.688812 #19063]  INFO -- default-debian-7:     "Driver": "aufs",
I, [2013-12-03T16:51:34.688836 #19063]  INFO -- default-debian-7:     "Volumes": {},
I, [2013-12-03T16:51:34.688860 #19063]  INFO -- default-debian-7:     "VolumesRW": {}
I, [2013-12-03T16:51:34.688886 #19063]  INFO -- default-debian-7: }]
I, [2013-12-03T16:51:34.697515 #19063]  INFO -- default-debian-7: Finished creating <default-debian-7> (1m13.85s).
I, [2013-12-03T16:52:02.517158 #20492]  INFO -- default-debian-7: -----> Cleaning up any prior instances of <default-debian-7>
I, [2013-12-03T16:52:02.518884 #20492]  INFO -- default-debian-7: -----> Destroying <default-debian-7>...
I, [2013-12-03T16:52:02.601888 #20492]  INFO -- default-debian-7: d08425c8dfffad2e462a39ab485852e014ab6003c0054beb1207015eb2f4eff5
I, [2013-12-03T16:52:02.679645 #20492]  INFO -- default-debian-7: d08425c8dfffad2e462a39ab485852e014ab6003c0054beb1207015eb2f4eff5
I, [2013-12-03T16:52:02.694454 #20492]  INFO -- default-debian-7: Finished destroying <default-debian-7> (0m0.17s).
I, [2013-12-03T16:52:02.695425 #20492]  INFO -- default-debian-7: -----> Testing <default-debian-7>
I, [2013-12-03T16:52:02.695946 #20492]  INFO -- default-debian-7: -----> Creating <default-debian-7>...
I, [2013-12-03T16:52:02.732417 #20492]  INFO -- default-debian-7: Step 1 : FROM inokappa/wheezy-7.2-basic
I, [2013-12-03T16:52:02.734561 #20492]  INFO -- default-debian-7:  ---> 7df359e27365
I, [2013-12-03T16:52:02.734606 #20492]  INFO -- default-debian-7: Step 2 : ENV DEBIAN_FRONTEND noninteractive
I, [2013-12-03T16:52:02.743946 #20492]  INFO -- default-debian-7:  ---> Using cache
I, [2013-12-03T16:52:02.744042 #20492]  INFO -- default-debian-7:  ---> 261ec7157040
I, [2013-12-03T16:52:02.744076 #20492]  INFO -- default-debian-7: Step 3 : RUN dpkg-divert --local --rename --add /sbin/initctl
I, [2013-12-03T16:52:02.751410 #20492]  INFO -- default-debian-7:  ---> Using cache
I, [2013-12-03T16:52:02.751497 #20492]  INFO -- default-debian-7:  ---> c2434207b8ed
I, [2013-12-03T16:52:02.751524 #20492]  INFO -- default-debian-7: Step 4 : RUN ln -sf /bin/true /sbin/initctl
I, [2013-12-03T16:52:02.759446 #20492]  INFO -- default-debian-7:  ---> Using cache
I, [2013-12-03T16:52:02.759527 #20492]  INFO -- default-debian-7:  ---> 18feecbbc619
I, [2013-12-03T16:52:02.759555 #20492]  INFO -- default-debian-7: Step 5 : RUN apt-get update
I, [2013-12-03T16:52:02.767483 #20492]  INFO -- default-debian-7:  ---> Using cache
I, [2013-12-03T16:52:02.767563 #20492]  INFO -- default-debian-7:  ---> 70970c335810
I, [2013-12-03T16:52:02.767593 #20492]  INFO -- default-debian-7: Step 6 : RUN apt-get install -y sudo openssh-server curl lsb-release
I, [2013-12-03T16:52:02.774668 #20492]  INFO -- default-debian-7:  ---> Using cache
I, [2013-12-03T16:52:02.774761 #20492]  INFO -- default-debian-7:  ---> d5ec36f18b6e
I, [2013-12-03T16:52:02.774797 #20492]  INFO -- default-debian-7: Step 7 : RUN mkdir -p /var/run/sshd
I, [2013-12-03T16:52:02.783372 #20492]  INFO -- default-debian-7:  ---> Using cache
I, [2013-12-03T16:52:02.783457 #20492]  INFO -- default-debian-7:  ---> 7eb5f160fe14
I, [2013-12-03T16:52:02.783485 #20492]  INFO -- default-debian-7: Step 8 : RUN useradd -d /home/kitchen -m -s /bin/bash kitchen
I, [2013-12-03T16:52:02.790066 #20492]  INFO -- default-debian-7:  ---> Using cache
I, [2013-12-03T16:52:02.790135 #20492]  INFO -- default-debian-7:  ---> e9cbcd775cf4
I, [2013-12-03T16:52:02.790164 #20492]  INFO -- default-debian-7: Step 9 : RUN echo kitchen:kitchen | chpasswd
I, [2013-12-03T16:52:02.798390 #20492]  INFO -- default-debian-7:  ---> Using cache
I, [2013-12-03T16:52:02.798465 #20492]  INFO -- default-debian-7:  ---> 059044ba0bfa
I, [2013-12-03T16:52:02.798493 #20492]  INFO -- default-debian-7: Step 10 : RUN echo 'kitchen ALL=(ALL) NOPASSWD:ALL' >> /etc/sudoers
I, [2013-12-03T16:52:02.806751 #20492]  INFO -- default-debian-7:  ---> Using cache
I, [2013-12-03T16:52:02.807493 #20492]  INFO -- default-debian-7:  ---> bdef78858770
I, [2013-12-03T16:52:02.807735 #20492]  INFO -- default-debian-7: Successfully built bdef78858770
I, [2013-12-03T16:52:02.894920 #20492]  INFO -- default-debian-7: c036f7222c12e95346d7ef1d7f437ccac9ebf4e92ca3938d613d5448a9d22d7b
I, [2013-12-03T16:52:03.175582 #20492]  INFO -- default-debian-7: [{
I, [2013-12-03T16:52:03.175851 #20492]  INFO -- default-debian-7:     "ID": "c036f7222c12e95346d7ef1d7f437ccac9ebf4e92ca3938d613d5448a9d22d7b",
I, [2013-12-03T16:52:03.175981 #20492]  INFO -- default-debian-7:     "Created": "2013-12-03T07:52:02.886437943Z",
I, [2013-12-03T16:52:03.176078 #20492]  INFO -- default-debian-7:     "Path": "/usr/sbin/sshd",
I, [2013-12-03T16:52:03.176161 #20492]  INFO -- default-debian-7:     "Args": [
I, [2013-12-03T16:52:03.176355 #20492]  INFO -- default-debian-7:  "-D",
I, [2013-12-03T16:52:03.176465 #20492]  INFO -- default-debian-7:  "-o",
I, [2013-12-03T16:52:03.176568 #20492]  INFO -- default-debian-7:  "UseDNS=no",
I, [2013-12-03T16:52:03.176666 #20492]  INFO -- default-debian-7:  "-o",
I, [2013-12-03T16:52:03.176761 #20492]  INFO -- default-debian-7:  "UsePAM=no"
I, [2013-12-03T16:52:03.176847 #20492]  INFO -- default-debian-7:     ],
I, [2013-12-03T16:52:03.176932 #20492]  INFO -- default-debian-7:     "Config": {
I, [2013-12-03T16:52:03.177031 #20492]  INFO -- default-debian-7:  "Hostname": "c036f7222c12",
I, [2013-12-03T16:52:03.177134 #20492]  INFO -- default-debian-7:  "Domainname": "",
I, [2013-12-03T16:52:03.177232 #20492]  INFO -- default-debian-7:  "User": "",
I, [2013-12-03T16:52:03.177327 #20492]  INFO -- default-debian-7:  "Memory": 0,
I, [2013-12-03T16:52:03.177426 #20492]  INFO -- default-debian-7:  "MemorySwap": 0,
I, [2013-12-03T16:52:03.177525 #20492]  INFO -- default-debian-7:  "CpuShares": 0,
I, [2013-12-03T16:52:03.177622 #20492]  INFO -- default-debian-7:  "AttachStdin": false,
I, [2013-12-03T16:52:03.177720 #20492]  INFO -- default-debian-7:  "AttachStdout": false,
I, [2013-12-03T16:52:03.177814 #20492]  INFO -- default-debian-7:  "AttachStderr": false,
I, [2013-12-03T16:52:03.177917 #20492]  INFO -- default-debian-7:  "PortSpecs": null,
I, [2013-12-03T16:52:03.178011 #20492]  INFO -- default-debian-7:  "ExposedPorts": {
I, [2013-12-03T16:52:03.178113 #20492]  INFO -- default-debian-7:      "22/tcp": {}
I, [2013-12-03T16:52:03.178206 #20492]  INFO -- default-debian-7:  },
I, [2013-12-03T16:52:03.178304 #20492]  INFO -- default-debian-7:  "Tty": false,
I, [2013-12-03T16:52:03.178497 #20492]  INFO -- default-debian-7:  "OpenStdin": false,
I, [2013-12-03T16:52:03.178613 #20492]  INFO -- default-debian-7:  "StdinOnce": false,
I, [2013-12-03T16:52:03.178712 #20492]  INFO -- default-debian-7:  "Env": [
I, [2013-12-03T16:52:03.178808 #20492]  INFO -- default-debian-7:      "HOME=/",
I, [2013-12-03T16:52:03.178902 #20492]  INFO -- default-debian-7:      "PATH=/usr/local/sbin:/usr/local/bin:/usr/sbin:/usr/bin:/sbin:/bin",
I, [2013-12-03T16:52:03.179000 #20492]  INFO -- default-debian-7:      "DEBIAN_FRONTEND=noninteractive"
I, [2013-12-03T16:52:03.179092 #20492]  INFO -- default-debian-7:  ],
I, [2013-12-03T16:52:03.179192 #20492]  INFO -- default-debian-7:  "Cmd": [
I, [2013-12-03T16:52:03.179289 #20492]  INFO -- default-debian-7:      "/usr/sbin/sshd",
I, [2013-12-03T16:52:03.179382 #20492]  INFO -- default-debian-7:      "-D",
I, [2013-12-03T16:52:03.179479 #20492]  INFO -- default-debian-7:      "-o",
I, [2013-12-03T16:52:03.179572 #20492]  INFO -- default-debian-7:      "UseDNS=no",
I, [2013-12-03T16:52:03.179672 #20492]  INFO -- default-debian-7:      "-o",
I, [2013-12-03T16:52:03.179764 #20492]  INFO -- default-debian-7:      "UsePAM=no"
I, [2013-12-03T16:52:03.179860 #20492]  INFO -- default-debian-7:  ],
I, [2013-12-03T16:52:03.179954 #20492]  INFO -- default-debian-7:  "Dns": null,
I, [2013-12-03T16:52:03.180051 #20492]  INFO -- default-debian-7:  "Image": "bdef78858770",
I, [2013-12-03T16:52:03.180148 #20492]  INFO -- default-debian-7:  "Volumes": null,
I, [2013-12-03T16:52:03.180245 #20492]  INFO -- default-debian-7:  "VolumesFrom": "",
I, [2013-12-03T16:52:03.180338 #20492]  INFO -- default-debian-7:  "WorkingDir": "",
I, [2013-12-03T16:52:03.180434 #20492]  INFO -- default-debian-7:  "Entrypoint": null,
I, [2013-12-03T16:52:03.180528 #20492]  INFO -- default-debian-7:  "NetworkDisabled": false
I, [2013-12-03T16:52:03.180613 #20492]  INFO -- default-debian-7:     },
I, [2013-12-03T16:52:03.180691 #20492]  INFO -- default-debian-7:     "State": {
I, [2013-12-03T16:52:03.180782 #20492]  INFO -- default-debian-7:  "Running": true,
I, [2013-12-03T16:52:03.180880 #20492]  INFO -- default-debian-7:  "Pid": 20550,
I, [2013-12-03T16:52:03.180982 #20492]  INFO -- default-debian-7:  "ExitCode": 0,
I, [2013-12-03T16:52:03.181081 #20492]  INFO -- default-debian-7:  "StartedAt": "2013-12-03T07:52:02.898910791Z",
I, [2013-12-03T16:52:03.181196 #20492]  INFO -- default-debian-7:  "FinishedAt": "0001-01-01T00:00:00Z",
I, [2013-12-03T16:52:03.181297 #20492]  INFO -- default-debian-7:  "Ghost": false
I, [2013-12-03T16:52:03.181382 #20492]  INFO -- default-debian-7:     },
I, [2013-12-03T16:52:03.181466 #20492]  INFO -- default-debian-7:     "Image": "bdef7885877074356447eeb1643c2c43e9a565940be0373796e2150f342fad29",
I, [2013-12-03T16:52:03.181551 #20492]  INFO -- default-debian-7:     "NetworkSettings": {
I, [2013-12-03T16:52:03.181650 #20492]  INFO -- default-debian-7:  "IPAddress": "172.17.0.17",
I, [2013-12-03T16:52:03.181750 #20492]  INFO -- default-debian-7:  "IPPrefixLen": 16,
I, [2013-12-03T16:52:03.181851 #20492]  INFO -- default-debian-7:  "Gateway": "172.17.42.1",
I, [2013-12-03T16:52:03.181954 #20492]  INFO -- default-debian-7:  "Bridge": "docker0",
I, [2013-12-03T16:52:03.182051 #20492]  INFO -- default-debian-7:  "PortMapping": null,
I, [2013-12-03T16:52:03.182148 #20492]  INFO -- default-debian-7:  "Ports": {
I, [2013-12-03T16:52:03.182246 #20492]  INFO -- default-debian-7:      "22/tcp": [
I, [2013-12-03T16:52:03.182360 #20492]  INFO -- default-debian-7:          {
I, [2013-12-03T16:52:03.182460 #20492]  INFO -- default-debian-7:              "HostIp": "0.0.0.0",
I, [2013-12-03T16:52:03.182560 #20492]  INFO -- default-debian-7:              "HostPort": "49163"
I, [2013-12-03T16:52:03.182658 #20492]  INFO -- default-debian-7:          }
I, [2013-12-03T16:52:03.182769 #20492]  INFO -- default-debian-7:      ]
I, [2013-12-03T16:52:03.182869 #20492]  INFO -- default-debian-7:  }
I, [2013-12-03T16:52:03.182954 #20492]  INFO -- default-debian-7:     },
I, [2013-12-03T16:52:03.183034 #20492]  INFO -- default-debian-7:     "SysInitPath": "/usr/bin/docker",
I, [2013-12-03T16:52:03.183119 #20492]  INFO -- default-debian-7:     "ResolvConfPath": "/var/lib/docker/containers/c036f7222c12e95346d7ef1d7f437ccac9ebf4e92ca3938d613d5448a9d22d7b/resolv.conf",
I, [2013-12-03T16:52:03.183204 #20492]  INFO -- default-debian-7:     "HostnamePath": "/var/lib/docker/containers/c036f7222c12e95346d7ef1d7f437ccac9ebf4e92ca3938d613d5448a9d22d7b/hostname",
I, [2013-12-03T16:52:03.183290 #20492]  INFO -- default-debian-7:     "HostsPath": "/var/lib/docker/containers/c036f7222c12e95346d7ef1d7f437ccac9ebf4e92ca3938d613d5448a9d22d7b/hosts",
I, [2013-12-03T16:52:03.183374 #20492]  INFO -- default-debian-7:     "Name": "/boring_brown",
I, [2013-12-03T16:52:03.183461 #20492]  INFO -- default-debian-7:     "Driver": "aufs",
I, [2013-12-03T16:52:03.183545 #20492]  INFO -- default-debian-7:     "Volumes": {},
I, [2013-12-03T16:52:03.183628 #20492]  INFO -- default-debian-7:     "VolumesRW": {}
I, [2013-12-03T16:52:03.183710 #20492]  INFO -- default-debian-7: }]
I, [2013-12-03T16:52:03.208079 #20492]  INFO -- default-debian-7: Finished creating <default-debian-7> (0m0.51s).
I, [2013-12-03T16:52:03.208490 #20492]  INFO -- default-debian-7: -----> Converging <default-debian-7>...
I, [2013-12-03T16:52:03.212094 #20492]  INFO -- default-debian-7: Preparing current project directory as a cookbook
I, [2013-12-03T16:52:03.215198 #20492]  INFO -- default-debian-7: Removing non-cookbook files in sandbox
I, [2013-12-03T16:52:03.334732 #20492]  INFO -- default-debian-7: -----> Installing Chef Omnibus (true)
I, [2013-12-03T16:52:03.334975 #20492]  INFO -- default-debian-7: downloading https://www.opscode.com/chef/install.sh
I, [2013-12-03T16:52:03.335621 #20492]  INFO -- default-debian-7:   to file /tmp/install.sh
I, [2013-12-03T16:52:03.336031 #20492]  INFO -- default-debian-7: trying wget...
I, [2013-12-03T16:52:09.834102 #20492]  INFO -- default-debian-7: Downloading Chef  for debian...
I, [2013-12-03T16:52:45.290706 #20492]  INFO -- default-debian-7: Installing Chef 
I, [2013-12-03T16:52:45.375734 #20492]  INFO -- default-debian-7: Selecting previously unselected package chef.
I, [2013-12-03T16:52:45.375835 #20492]  INFO -- default-debian-7: (Reading database ... 
(Reading database ... 5%(Reading database ... 10%(Reading database ... 15%(Reading database ... 20%(Reading database ... 25%(Reading database ... 30%(Reading database ... 35%(Reading database ... 40%(Reading database ... 45%(Reading database ... 50%(Reading database ... 55%(Reading database ... 60%(Reading database ... 65%(Reading database ... 70%(Reading database ... 75%(Reading database ... 80%(Reading database ... 85%(Reading database ... 90%(Reading database ... 95%(Reading database ... 100%(Reading database ... I, [2013-12-03T16:52:45.391803 #20492]  INFO -- default-debian-7: 21559 files and directories currently installed.)
I, [2013-12-03T16:52:45.392451 #20492]  INFO -- default-debian-7: Unpacking chef (from .../tmp.Yph109n3/chef__amd64.deb) ...
I, [2013-12-03T16:53:22.329962 #20492]  INFO -- default-debian-7: Setting up chef (11.8.0-1.debian.6.0.5) ...
I, [2013-12-03T16:53:22.372482 #20492]  INFO -- default-debian-7: Thank you for installing Chef!
I, [2013-12-03T16:53:23.563546 #20492]  INFO -- default-debian-7: [2013-12-03T07:53:23+00:00] INFO: Forking chef instance to converge...
I, [2013-12-03T16:53:23.627952 #20492]  INFO -- default-debian-7: Starting Chef Client, version 11.8.0[0m
I, [2013-12-03T16:53:23.628190 #20492]  INFO -- default-debian-7: [2013-12-03T07:53:23+00:00] INFO: *** Chef 11.8.0 ***
I, [2013-12-03T16:53:23.628369 #20492]  INFO -- default-debian-7: [2013-12-03T07:53:23+00:00] INFO: Chef-client pid: 72
I, [2013-12-03T16:53:24.219211 #20492]  INFO -- default-debian-7: [2013-12-03T07:53:24+00:00] INFO: Setting the run_list to ["recipe[apache_test]"] from JSON
I, [2013-12-03T16:53:24.222919 #20492]  INFO -- default-debian-7: [2013-12-03T07:53:24+00:00] INFO: Run List is [recipe[apache_test]]
I, [2013-12-03T16:53:24.223075 #20492]  INFO -- default-debian-7: [2013-12-03T07:53:24+00:00] INFO: Run List expands to [apache_test]
I, [2013-12-03T16:53:24.223189 #20492]  INFO -- default-debian-7: [2013-12-03T07:53:24+00:00] INFO: Starting Chef Run for default-debian-7
I, [2013-12-03T16:53:24.223297 #20492]  INFO -- default-debian-7: [2013-12-03T07:53:24+00:00] INFO: Running start handlers
I, [2013-12-03T16:53:24.223404 #20492]  INFO -- default-debian-7: [2013-12-03T07:53:24+00:00] INFO: Start handlers complete.
I, [2013-12-03T16:53:24.224196 #20492]  INFO -- default-debian-7: Compiling Cookbooks...[0m
I, [2013-12-03T16:53:24.226460 #20492]  INFO -- default-debian-7: Converging 3 resources[0m
I, [2013-12-03T16:53:24.226665 #20492]  INFO -- default-debian-7: Recipe: apache_test::default[0m
  * execute[apt-get_update] action run[0mI, [2013-12-03T16:53:24.226868 #20492]  INFO -- default-debian-7: [2013-12-03T07:53:24+00:00] INFO: Processing execute[apt-get_update] action run (apache_test::default line 10)
I, [2013-12-03T16:53:29.792265 #20492]  INFO -- default-debian-7: Hit http://ftp.us.debian.org wheezy Release.gpg
I, [2013-12-03T16:53:30.010654 #20492]  INFO -- default-debian-7: Hit http://ftp.us.debian.org wheezy Release
I, [2013-12-03T16:53:30.241132 #20492]  INFO -- default-debian-7: Hit http://ftp.us.debian.org wheezy/main amd64 Packages
I, [2013-12-03T16:53:30.449059 #20492]  INFO -- default-debian-7: Hit http://ftp.us.debian.org wheezy/main Translation-en
Reading package lists...I, [2013-12-03T16:53:31.404860 #20492]  INFO -- default-debian-7: 
I, [2013-12-03T16:53:31.437350 #20492]  INFO -- default-debian-7: [2013-12-03T07:53:31+00:00] INFO: execute[apt-get_update] ran successfully
I, [2013-12-03T16:53:31.437621 #20492]  INFO -- default-debian-7: [32m
I, [2013-12-03T16:53:31.437674 #20492]  INFO -- default-debian-7:     - execute apt-get update[0m
I, [2013-12-03T16:53:31.437906 #20492]  INFO -- default-debian-7: 
I, [2013-12-03T16:53:31.437953 #20492]  INFO -- default-debian-7: [0m
  * package[apache2] action install[0mI, [2013-12-03T16:53:31.438328 #20492]  INFO -- default-debian-7: [2013-12-03T07:53:31+00:00] INFO: Processing package[apache2] action install (apache_test::default line 14)
I, [2013-12-03T16:53:54.578496 #20492]  INFO -- default-debian-7: [32m
I, [2013-12-03T16:53:54.578745 #20492]  INFO -- default-debian-7:     - install version 2.2.22-13 of package apache2[0m
I, [2013-12-03T16:53:54.579314 #20492]  INFO -- default-debian-7: 
I, [2013-12-03T16:53:54.579433 #20492]  INFO -- default-debian-7: [0m
  * bash[enable_mod_proxy] action run[0mI, [2013-12-03T16:53:54.580089 #20492]  INFO -- default-debian-7: [2013-12-03T07:53:54+00:00] INFO: Processing bash[enable_mod_proxy] action run (apache_test::default line 18)
I, [2013-12-03T16:53:54.642458 #20492]  INFO -- default-debian-7: Enabling module proxy.
I, [2013-12-03T16:53:54.642649 #20492]  INFO -- default-debian-7: To activate the new configuration, you need to run:
I, [2013-12-03T16:53:54.642690 #20492]  INFO -- default-debian-7:   service apache2 restart
I, [2013-12-03T16:53:54.683050 #20492]  INFO -- default-debian-7: Considering dependency proxy for proxy_http:
I, [2013-12-03T16:53:54.686828 #20492]  INFO -- default-debian-7: Module proxy already enabled
I, [2013-12-03T16:53:54.687044 #20492]  INFO -- default-debian-7: Enabling module proxy_http.
I, [2013-12-03T16:53:54.687204 #20492]  INFO -- default-debian-7: To activate the new configuration, you need to run:
I, [2013-12-03T16:53:54.687799 #20492]  INFO -- default-debian-7:   service apache2 restart
I, [2013-12-03T16:53:54.722702 #20492]  INFO -- default-debian-7: Considering dependency proxy for proxy_connect:
I, [2013-12-03T16:53:54.728806 #20492]  INFO -- default-debian-7: Module proxy already enabled
I, [2013-12-03T16:53:54.728980 #20492]  INFO -- default-debian-7: Enabling module proxy_connect.
I, [2013-12-03T16:53:54.729078 #20492]  INFO -- default-debian-7: To activate the new configuration, you need to run:
I, [2013-12-03T16:53:54.729161 #20492]  INFO -- default-debian-7:   service apache2 restart
I, [2013-12-03T16:53:54.741424 #20492]  INFO -- default-debian-7: [2013-12-03T07:53:54+00:00] INFO: bash[enable_mod_proxy] ran successfully
I, [2013-12-03T16:53:54.742107 #20492]  INFO -- default-debian-7: [32m
I, [2013-12-03T16:53:54.742184 #20492]  INFO -- default-debian-7:     - execute "bash"  "/tmp/chef-script20131203-72-rshoj2"[0m
I, [2013-12-03T16:53:54.742688 #20492]  INFO -- default-debian-7: 
I, [2013-12-03T16:53:54.742805 #20492]  INFO -- default-debian-7: [0m
I, [2013-12-03T16:53:54.743411 #20492]  INFO -- default-debian-7: [2013-12-03T07:53:54+00:00] INFO: Chef Run complete in 30.519137822 seconds
I, [2013-12-03T16:53:54.743535 #20492]  INFO -- default-debian-7: [2013-12-03T07:53:54+00:00] INFO: Running report handlers
I, [2013-12-03T16:53:54.743625 #20492]  INFO -- default-debian-7: [2013-12-03T07:53:54+00:00] INFO: Report handlers complete
I, [2013-12-03T16:53:54.743714 #20492]  INFO -- default-debian-7: Chef Client finished, 3 resources updated[0m
I, [2013-12-03T16:53:54.807494 #20492]  INFO -- default-debian-7: Finished converging <default-debian-7> (1m51.60s).
I, [2013-12-03T16:53:54.807617 #20492]  INFO -- default-debian-7: -----> Setting up <default-debian-7>...
I, [2013-12-03T16:53:54.808810 #20492]  INFO -- default-debian-7: Finished setting up <default-debian-7> (0m0.00s).
I, [2013-12-03T16:53:54.808901 #20492]  INFO -- default-debian-7: -----> Verifying <default-debian-7>...
I, [2013-12-03T16:53:54.809863 #20492]  INFO -- default-debian-7: Finished verifying <default-debian-7> (0m0.00s).
I, [2013-12-03T16:53:54.810509 #20492]  INFO -- default-debian-7: -----> Destroying <default-debian-7>...
I, [2013-12-03T16:53:54.911749 #20492]  INFO -- default-debian-7: c036f7222c12e95346d7ef1d7f437ccac9ebf4e92ca3938d613d5448a9d22d7b
I, [2013-12-03T16:53:55.513933 #20492]  INFO -- default-debian-7: c036f7222c12e95346d7ef1d7f437ccac9ebf4e92ca3938d613d5448a9d22d7b
I, [2013-12-03T16:53:55.526865 #20492]  INFO -- default-debian-7: Finished destroying <default-debian-7> (0m0.71s).
I, [2013-12-03T16:53:55.527108 #20492]  INFO -- default-debian-7: Finished testing <default-debian-7> (1m53.01s).
I, [2013-12-03T16:54:25.847241 #22812]  INFO -- default-debian-7: -----> Destroying <default-debian-7>...
I, [2013-12-03T16:54:25.848006 #22812]  INFO -- default-debian-7: Finished destroying <default-debian-7> (0m0.00s).
